ID = 1
====================================
Result size: 56
Solution: 50
Difference: 6
Time cost: 588 ms
=====================================
Total time cost: 603 ms
====================================



ID = 2
====================================
Result size: 172
Solution: 132
Difference: 40
Time cost: 4812 ms
=====================================
Total time cost: 4815 ms
====================================



ID = 3
====================================
Result size: 306
Solution: 245
Difference: 61
Time cost: 17605 ms
=====================================
Total time cost: 17607 ms
====================================



ID = 4
====================================
Result size: 23
Solution: 37
Difference: -14
Time cost: 141 ms
=====================================
Total time cost: 142 ms
====================================



ID = 5
====================================
Result size: 53
Solution: 42
Difference: 11
Time cost: 1076 ms
=====================================
Total time cost: 1077 ms
====================================



ID = 6
====================================
Result size: 192
Solution: 162
Difference: 30
Time cost: 60925 ms
=====================================
Total time cost: 60926 ms
====================================



ID = 7
====================================
Result size: 29
Solution: 26
Difference: 3
Time cost: 404 ms
=====================================
Total time cost: 406 ms
====================================



ID = 8
====================================
Result size: 46
Solution: 42
Difference: 4
Time cost: 1749 ms
=====================================
Total time cost: 1751 ms
====================================



ID = 9
====================================
Result size: 281
Solution: 280
Difference: 1
Time cost: 208143 ms
=====================================
Total time cost: 208158 ms
====================================



ID = 10
====================================
Result size: 15
Solution: 18
Difference: -3
Time cost: 626 ms
=====================================
Total time cost: 635 ms
====================================



ID = 11
====================================
Result size: 26
Solution: 28
Difference: -2
Time cost: 1968 ms
=====================================
Total time cost: 1968 ms
====================================



ID = 12
====================================
Result size: 65
Solution: 65
Difference: 0
Time cost: 31700 ms
=====================================
Total time cost: 31703 ms
====================================



ID = 13
====================================
Result size: 6
Solution: 6
Difference: 0
Time cost: 328 ms
=====================================
Total time cost: 330 ms
====================================



ID = 14
====================================
Result size: 12
Solution: 12
Difference: 0
Time cost: 1368 ms
=====================================
Total time cost: 1370 ms
====================================



ID = 15
====================================
Result size: 31
Solution: 38
Difference: -7
Time cost: 30374 ms
=====================================
Total time cost: 30381 ms
====================================



