n = 7
====================================
Chosen samples: [37, 38, 42, 46, 45, 4, 14]
Time cost: 1 ms
Possible results size: 1
Time cost: 0 ms
Cover list map size: 21
Time cost: 0 ms
Result: [[37, 38, 42, 46, 45, 4, 14]]
Result size: 1
Time cost: 39 ms
=====================================
Total time cost: 40 ms
====================================



n = 8
====================================
Chosen samples: [30, 19, 20, 14, 7, 9, 39, 26]
Time cost: 0 ms
Possible results size: 8
Time cost: 0 ms
Cover list map size: 56
Time cost: 0 ms
Result: [[30, 19, 20, 14, 7, 9, 26]]
Result size: 1
Time cost: 2 ms
=====================================
Total time cost: 2 ms
====================================



n = 9
====================================
Chosen samples: [35, 36, 21, 1, 34, 26, 53, 48, 12]
Time cost: 0 ms
Possible results size: 36
Time cost: 0 ms
Cover list map size: 126
Time cost: 0 ms
Result: [[35, 1, 34, 26, 53, 48, 12]]
Result size: 1
Time cost: 10 ms
=====================================
Total time cost: 10 ms
====================================



n = 10
====================================
Chosen samples: [9, 40, 3, 5, 12, 18, 42, 23, 11, 37]
Time cost: 0 ms
Possible results size: 120
Time cost: 0 ms
Cover list map size: 252
Time cost: 0 ms
Result: [[40, 3, 5, 12, 18, 23, 11], [9, 5, 12, 18, 42, 11, 37]]
Result size: 2
Time cost: 12 ms
=====================================
Total time cost: 12 ms
====================================



n = 11
====================================
Chosen samples: [6, 24, 30, 35, 18, 4, 14, 36, 40, 2, 50]
Time cost: 0 ms
Possible results size: 330
Time cost: 0 ms
Cover list map size: 462
Time cost: 1 ms
Result: [[6, 24, 35, 18, 4, 36, 50], [24, 30, 4, 14, 36, 40, 2]]
Result size: 2
Time cost: 10 ms
=====================================
Total time cost: 11 ms
====================================



n = 12
====================================
Chosen samples: [23, 31, 34, 14, 19, 44, 25, 39, 28, 32, 22, 37]
Time cost: 0 ms
Possible results size: 792
Time cost: 0 ms
Cover list map size: 792
Time cost: 0 ms
Result: [[31, 34, 44, 25, 39, 28, 37], [23, 14, 19, 44, 25, 32, 22]]
Result size: 2
Time cost: 27 ms
=====================================
Total time cost: 27 ms
====================================



n = 13
====================================
Chosen samples: [2, 42, 3, 1, 20, 14, 21, 27, 38, 10, 31, 33, 12]
Time cost: 0 ms
Possible results size: 1716
Time cost: 0 ms
Cover list map size: 1287
Time cost: 0 ms
Result: [[2, 42, 21, 38, 10, 31, 33], [2, 3, 1, 20, 14, 27, 12]]
Result size: 2
Time cost: 28 ms
=====================================
Total time cost: 28 ms
====================================



n = 14
====================================
Chosen samples: [2, 1, 27, 50, 18, 9, 11, 30, 45, 31, 25, 8, 53, 34]
Time cost: 0 ms
Possible results size: 3432
Time cost: 0 ms
Cover list map size: 2002
Time cost: 1 ms
Result: [[2, 50, 18, 9, 30, 53, 34], [1, 27, 11, 45, 31, 25, 8]]
Result size: 2
Time cost: 68 ms
=====================================
Total time cost: 69 ms
====================================



n = 15
====================================
Chosen samples: [21, 45, 10, 36, 6, 28, 27, 49, 39, 3, 17, 53, 29, 54, 32]
Time cost: 0 ms
Possible results size: 6435
Time cost: 0 ms
Cover list map size: 3003
Time cost: 1 ms
Result: [[10, 28, 27, 39, 17, 53, 32], [21, 45, 36, 49, 3, 29, 54], [10, 6, 28, 27, 39, 53, 32], [21, 45, 6, 3, 17, 29, 54], [45, 36, 28, 49, 3, 17, 29]]
Result size: 5
Time cost: 217 ms
=====================================
Total time cost: 218 ms
====================================



n = 16
====================================
Chosen samples: [16, 46, 45, 12, 19, 41, 10, 34, 22, 44, 31, 38, 51, 14, 37, 49]
Time cost: 0 ms
Possible results size: 11440
Time cost: 0 ms
Cover list map size: 4368
Time cost: 1 ms
Result: [[46, 45, 41, 10, 34, 22, 37], [16, 12, 19, 38, 51, 14, 49], [46, 45, 41, 10, 34, 44, 31], [22, 44, 31, 51, 14, 37, 49], [12, 19, 22, 44, 31, 38, 37]]
Result size: 5
Time cost: 626 ms
=====================================
Total time cost: 627 ms
====================================



n = 17
====================================
Chosen samples: [29, 25, 49, 15, 27, 14, 35, 8, 33, 38, 5, 54, 36, 6, 48, 28, 7]
Time cost: 0 ms
Possible results size: 19448
Time cost: 0 ms
Cover list map size: 6188
Time cost: 1 ms
Result: [[29, 49, 15, 35, 5, 36, 28], [25, 27, 14, 54, 6, 48, 7], [29, 49, 35, 8, 33, 38, 5], [15, 8, 33, 38, 54, 36, 28], [25, 15, 33, 38, 48, 28, 7], [15, 27, 14, 8, 36, 6, 28], [25, 14, 33, 38, 36, 48, 7]]
Result size: 7
Time cost: 1690 ms
=====================================
Total time cost: 1691 ms
====================================



n = 18
====================================
Chosen samples: [30, 40, 22, 7, 1, 35, 34, 6, 10, 26, 41, 50, 33, 29, 43, 42, 38, 5]
Time cost: 0 ms
Possible results size: 31824
Time cost: 1 ms
Cover list map size: 8568
Time cost: 1 ms
Result: [[30, 1, 35, 26, 41, 42, 38], [40, 7, 10, 33, 29, 43, 5], [40, 22, 35, 34, 6, 41, 50], [30, 22, 34, 6, 10, 42, 38], [7, 1, 26, 50, 33, 29, 43], [40, 22, 1, 34, 6, 26, 5], [7, 35, 41, 33, 29, 43, 5], [30, 10, 41, 50, 42, 38, 5], [22, 1, 35, 34, 10, 26, 41]]
Result size: 9
Time cost: 4315 ms
=====================================
Total time cost: 4317 ms
====================================



n = 19
====================================
Chosen samples: [53, 32, 48, 26, 39, 2, 33, 50, 41, 22, 23, 35, 42, 27, 24, 43, 10, 46, 52]
Time cost: 0 ms
Possible results size: 50388
Time cost: 0 ms
Cover list map size: 11628
Time cost: 2 ms
Result: [[53, 32, 48, 2, 50, 23, 43], [39, 33, 22, 35, 42, 46, 52], [48, 26, 41, 27, 24, 10, 52], [53, 33, 50, 27, 24, 10, 46], [26, 39, 41, 22, 23, 35, 43], [32, 26, 2, 41, 42, 24, 10], [32, 39, 2, 22, 35, 27, 52], [32, 48, 2, 33, 23, 43, 46], [53, 48, 50, 23, 42, 43, 52], [53, 26, 33, 50, 41, 27, 46], [39, 2, 22, 35, 42, 24, 10]]
Result size: 11
Time cost: 10395 ms
=====================================
Total time cost: 10397 ms
====================================



n = 20
====================================
Chosen samples: [27, 24, 16, 35, 15, 37, 18, 30, 12, 9, 26, 49, 34, 39, 14, 19, 7, 48, 2, 31]
Time cost: 0 ms
Possible results size: 77520
Time cost: 1 ms
Cover list map size: 15504
Time cost: 2 ms
Result: [[24, 16, 18, 49, 19, 2, 31], [30, 12, 26, 34, 39, 14, 7], [27, 24, 35, 15, 37, 9, 48], [27, 37, 12, 49, 7, 48, 2], [35, 15, 9, 39, 14, 19, 31], [16, 35, 37, 18, 30, 26, 34], [16, 15, 18, 12, 9, 7, 48], [27, 30, 26, 34, 19, 48, 31], [27, 24, 18, 49, 39, 14, 2], [15, 30, 9, 26, 49, 34, 2], [24, 35, 37, 12, 19, 7, 31], [27, 24, 16, 35, 39, 14, 48], [16, 37, 9, 39, 14, 19, 31]]
Result size: 13
Time cost: 24953 ms
=====================================
Total time cost: 24956 ms
====================================



n = 21
====================================
Chosen samples: [33, 24, 32, 29, 16, 54, 18, 13, 41, 3, 34, 51, 45, 30, 38, 47, 11, 28, 35, 9, 6]
Time cost: 0 ms
Possible results size: 116280
Time cost: 1 ms
Cover list map size: 20349
Time cost: 3 ms
Result: [[33, 24, 29, 54, 3, 34, 6], [32, 16, 13, 41, 11, 28, 35], [18, 51, 45, 30, 38, 47, 9], [32, 29, 13, 34, 30, 9, 6], [33, 54, 45, 38, 47, 11, 28], [24, 16, 18, 41, 3, 51, 35], [33, 16, 54, 41, 30, 35, 9], [29, 18, 34, 51, 11, 28, 6], [24, 32, 13, 3, 45, 38, 47], [24, 16, 3, 30, 11, 28, 9], [33, 32, 16, 54, 18, 13, 51], [29, 41, 34, 45, 38, 47, 35], [29, 41, 45, 38, 47, 35, 6]]
Result size: 13
Time cost: 53870 ms
=====================================
Total time cost: 53874 ms
====================================



n = 22
====================================
Chosen samples: [2, 32, 21, 4, 13, 3, 11, 1, 37, 9, 44, 8, 38, 34, 17, 36, 43, 26, 14, 10, 49, 48]
Time cost: 0 ms
Possible results size: 170544
Time cost: 7 ms
Cover list map size: 26334
Time cost: 4 ms
Result: [[4, 13, 11, 8, 38, 34, 14], [2, 32, 1, 37, 26, 49, 48], [21, 3, 9, 17, 36, 43, 10], [2, 4, 3, 11, 37, 9, 44], [21, 1, 44, 8, 14, 10, 48], [44, 38, 34, 17, 36, 26, 49], [32, 4, 13, 11, 1, 17, 43], [2, 21, 13, 37, 38, 34, 10], [32, 3, 9, 8, 26, 14, 49], [2, 37, 8, 36, 43, 14, 48], [21, 4, 11, 26, 10, 49, 48], [32, 3, 1, 9, 38, 34, 48], [13, 44, 38, 36, 43, 26, 49], [2, 32, 13, 37, 8, 17, 14], [32, 4, 11, 1, 34, 36, 43], [32, 13, 3, 1, 9, 17, 48], [21, 44, 38, 34, 36, 43, 10], [2, 37, 34, 17, 26, 49, 48]]
Result size: 18
Time cost: 116588 ms
=====================================
Total time cost: 116599 ms
====================================



n = 23
====================================
Chosen samples: [46, 44, 32, 10, 33, 30, 31, 35, 54, 3, 36, 25, 13, 45, 1, 5, 27, 41, 16, 39, 34, 18, 48]
Time cost: 0 ms
Possible results size: 245157
Time cost: 3 ms
Cover list map size: 33649
Time cost: 5 ms
Result: [[32, 10, 30, 35, 25, 34, 48], [44, 33, 54, 45, 1, 39, 18], [46, 36, 13, 5, 27, 41, 16], [44, 31, 35, 3, 36, 34, 18], [10, 31, 54, 3, 45, 5, 48], [33, 30, 31, 25, 1, 27, 16], [46, 32, 3, 25, 13, 41, 39], [33, 35, 13, 1, 41, 34, 48], [46, 44, 32, 10, 27, 16, 18], [30, 54, 36, 45, 5, 39, 34], [44, 30, 13, 5, 41, 18, 48], [46, 32, 35, 54, 36, 45, 1], [10, 33, 35, 3, 27, 16, 39], [54, 25, 13, 45, 27, 41, 16], [46, 32, 33, 31, 5, 39, 48], [44, 10, 36, 25, 1, 5, 18], [46, 32, 30, 54, 3, 45, 34], [10, 31, 54, 13, 45, 41, 39], [44, 1, 27, 16, 34, 18, 48], [46, 33, 30, 3, 36, 25, 48], [46, 32, 31, 36, 25, 13, 41], [44, 10, 30, 35, 1, 5, 18], [32, 10, 33, 25, 1, 5, 34]]
Result size: 23
Time cost: 246493 ms
=====================================
Total time cost: 246501 ms
====================================



n = 24
====================================
Chosen samples: [50, 12, 17, 11, 34, 9, 44, 53, 43, 42, 33, 2, 29, 48, 5, 51, 32, 26, 16, 35, 45, 30, 31, 18]
Time cost: 0 ms
Possible results size: 346104
Time cost: 3 ms
Cover list map size: 42504
Time cost: 6 ms
Result: [[50, 12, 9, 33, 5, 35, 18], [17, 11, 43, 2, 48, 45, 31], [34, 42, 29, 51, 32, 26, 30], [12, 44, 53, 43, 42, 2, 16], [50, 44, 16, 35, 45, 30, 31], [17, 34, 53, 48, 5, 51, 18], [11, 9, 53, 33, 29, 32, 26], [44, 2, 5, 32, 26, 45, 18], [34, 9, 43, 33, 51, 16, 31], [50, 17, 11, 42, 29, 48, 35], [12, 17, 48, 32, 26, 16, 30], [12, 11, 34, 44, 29, 51, 45], [43, 42, 29, 5, 30, 31, 18], [50, 34, 53, 2, 51, 26, 35], [17, 9, 44, 42, 33, 48, 45], [50, 11, 9, 43, 32, 35, 30], [11, 2, 29, 5, 16, 30, 18], [50, 12, 53, 33, 32, 35, 31], [44, 43, 5, 26, 35, 31, 18], [34, 9, 33, 2, 51, 30, 31], [50, 53, 42, 5, 16, 45, 18], [17, 34, 43, 48, 51, 32, 31], [9, 43, 33, 2, 29, 26, 16], [50, 12, 11, 9, 42, 33, 31], [44, 53, 43, 42, 45, 30, 31], [11, 53, 2, 29, 32, 16, 35], [50, 12, 9, 33, 5, 35, 45]]
Result size: 27
Time cost: 491263 ms
=====================================
Total time cost: 491272 ms
====================================



n = 25
====================================
Chosen samples: [27, 31, 28, 37, 52, 7, 32, 38, 12, 47, 51, 20, 16, 29, 18, 25, 54, 44, 4, 43, 21, 19, 42, 41, 13]
Time cost: 0 ms
Possible results size: 480700
Time cost: 5 ms
Cover list map size: 53130
Time cost: 8 ms
Result: [[31, 37, 32, 51, 18, 44, 21], [27, 47, 20, 19, 42, 41, 13], [38, 16, 29, 25, 54, 4, 43], [27, 28, 52, 7, 12, 54, 21], [52, 7, 32, 47, 51, 43, 41], [28, 37, 38, 12, 29, 18, 42], [31, 52, 20, 16, 44, 4, 13], [28, 32, 12, 51, 25, 19, 13], [37, 7, 16, 18, 4, 19, 41], [27, 31, 38, 47, 29, 25, 44], [31, 20, 54, 43, 21, 19, 42], [27, 32, 51, 20, 16, 4, 42], [7, 38, 20, 29, 21, 41, 13], [28, 37, 12, 47, 54, 44, 43], [52, 18, 25, 54, 44, 42, 41], [28, 12, 47, 16, 18, 4, 21], [37, 52, 32, 38, 51, 29, 19], [27, 31, 37, 18, 25, 43, 13], [31, 28, 7, 32, 12, 51, 41], [7, 32, 47, 51, 54, 42, 13], [28, 12, 20, 29, 44, 43, 19], [37, 7, 16, 25, 4, 21, 42], [27, 38, 16, 54, 44, 4, 41], [52, 38, 47, 20, 18, 25, 54], [52, 16, 29, 4, 43, 42, 13], [27, 7, 32, 38, 51, 18, 44], [27, 31, 52, 38, 47, 21, 19], [37, 7, 20, 29, 25, 21, 41], [28, 37, 38, 12, 54, 21, 13], [47, 29, 54, 44, 43, 21, 19], [27, 31, 12, 51, 16, 29, 18]]
Result size: 31
Time cost: 1026475 ms
=====================================
Total time cost: 1026488 ms
====================================



