n = 7
====================================
Chosen samples: [4, 35, 52, 23, 54, 12, 10]
Time cost: 1 ms
Possible results size: 1
Time cost: 0 ms
Cover list map size: 21
Time cost: 2 ms
Result: [[4, 35, 52, 23, 54, 12, 10]]
Result size: 1
Time cost: 117 ms
=====================================
Total time cost: 120 ms
====================================



n = 8
====================================
Chosen samples: [20, 48, 30, 52, 34, 3, 42, 45]
Time cost: 0 ms
Possible results size: 8
Time cost: 0 ms
Cover list map size: 56
Time cost: 0 ms
Result: [[48, 30, 52, 34, 3, 42, 45]]
Result size: 1
Time cost: 11 ms
=====================================
Total time cost: 11 ms
====================================



n = 9
====================================
Chosen samples: [6, 33, 28, 29, 52, 47, 19, 22, 46]
Time cost: 0 ms
Possible results size: 36
Time cost: 0 ms
Cover list map size: 126
Time cost: 1 ms
Result: [[6, 33, 28, 29, 47, 19, 46]]
Result size: 1
Time cost: 16 ms
=====================================
Total time cost: 17 ms
====================================



n = 10
====================================
Chosen samples: [5, 35, 32, 45, 38, 18, 21, 10, 16, 52]
Time cost: 0 ms
Possible results size: 120
Time cost: 0 ms
Cover list map size: 252
Time cost: 1 ms
Result: [[5, 35, 45, 38, 18, 10, 52], [32, 45, 38, 21, 10, 16, 52]]
Result size: 2
Time cost: 53 ms
=====================================
Total time cost: 54 ms
====================================



n = 11
====================================
Chosen samples: [32, 24, 49, 29, 2, 33, 3, 42, 12, 37, 14]
Time cost: 0 ms
Possible results size: 330
Time cost: 0 ms
Cover list map size: 462
Time cost: 1 ms
Result: [[32, 24, 49, 33, 3, 42, 37], [32, 29, 2, 3, 42, 12, 14]]
Result size: 2
Time cost: 68 ms
=====================================
Total time cost: 69 ms
====================================



n = 12
====================================
Chosen samples: [53, 38, 17, 15, 48, 18, 13, 5, 22, 7, 23, 47]
Time cost: 0 ms
Possible results size: 792
Time cost: 1 ms
Cover list map size: 792
Time cost: 0 ms
Result: [[53, 15, 18, 13, 22, 7, 47], [38, 17, 48, 13, 5, 22, 23]]
Result size: 2
Time cost: 97 ms
=====================================
Total time cost: 98 ms
====================================



n = 13
====================================
Chosen samples: [30, 18, 13, 31, 45, 3, 15, 17, 38, 11, 49, 51, 29]
Time cost: 0 ms
Possible results size: 1716
Time cost: 0 ms
Cover list map size: 1287
Time cost: 1 ms
Result: [[31, 45, 3, 17, 49, 51, 29], [30, 18, 13, 31, 15, 38, 11]]
Result size: 2
Time cost: 166 ms
=====================================
Total time cost: 167 ms
====================================



n = 14
====================================
Chosen samples: [2, 34, 41, 7, 48, 46, 50, 24, 14, 42, 30, 28, 53, 17]
Time cost: 0 ms
Possible results size: 3432
Time cost: 1 ms
Cover list map size: 2002
Time cost: 1 ms
Result: [[34, 48, 50, 24, 14, 42, 28], [2, 41, 7, 46, 30, 53, 17]]
Result size: 2
Time cost: 439 ms
=====================================
Total time cost: 441 ms
====================================



n = 15
====================================
Chosen samples: [48, 24, 15, 52, 53, 3, 38, 51, 46, 23, 32, 13, 2, 41, 27]
Time cost: 0 ms
Possible results size: 6435
Time cost: 0 ms
Cover list map size: 3003
Time cost: 2 ms
Result: [[48, 52, 38, 51, 32, 2, 41], [24, 15, 3, 46, 23, 13, 27], [48, 52, 53, 38, 51, 2, 41], [24, 53, 46, 23, 32, 13, 27], [24, 15, 53, 3, 38, 32, 41]]
Result size: 5
Time cost: 2027 ms
=====================================
Total time cost: 2029 ms
====================================



n = 16
====================================
Chosen samples: [10, 43, 13, 40, 32, 48, 11, 50, 5, 21, 4, 42, 15, 3, 39, 26]
Time cost: 0 ms
Possible results size: 11440
Time cost: 0 ms
Cover list map size: 4368
Time cost: 3 ms
Result: [[43, 32, 11, 50, 3, 39, 26], [10, 13, 40, 48, 5, 21, 15], [43, 32, 11, 50, 4, 42, 26], [13, 40, 48, 4, 42, 3, 39], [10, 5, 21, 15, 3, 39, 26]]
Result size: 5
Time cost: 2737 ms
=====================================
Total time cost: 2740 ms
====================================



n = 17
====================================
Chosen samples: [11, 19, 46, 24, 25, 45, 43, 27, 34, 41, 31, 18, 33, 3, 6, 14, 10]
Time cost: 0 ms
Possible results size: 19448
Time cost: 1 ms
Cover list map size: 6188
Time cost: 4 ms
Result: [[25, 45, 27, 31, 18, 6, 14], [19, 46, 24, 34, 33, 3, 10], [11, 19, 43, 34, 41, 33, 10], [11, 46, 24, 43, 41, 3, 14], [25, 45, 43, 27, 41, 31, 18], [11, 46, 24, 25, 45, 3, 6], [11, 43, 27, 41, 31, 18, 6]]
Result size: 7
Time cost: 5975 ms
=====================================
Total time cost: 5981 ms
====================================



n = 18
====================================
Chosen samples: [33, 48, 4, 32, 53, 30, 45, 43, 50, 23, 22, 9, 41, 28, 25, 6, 12, 49]
Time cost: 0 ms
Possible results size: 31824
Time cost: 1 ms
Cover list map size: 8568
Time cost: 5 ms
Result: [[33, 32, 53, 43, 9, 28, 49], [4, 30, 45, 23, 25, 6, 12], [48, 32, 45, 50, 22, 9, 41], [48, 53, 43, 22, 41, 6, 49], [33, 4, 30, 50, 23, 28, 12], [33, 48, 45, 22, 41, 28, 25], [4, 32, 30, 23, 9, 25, 12], [32, 53, 43, 50, 25, 6, 49], [33, 32, 53, 43, 9, 28, 6]]
Result size: 9
Time cost: 14777 ms
=====================================
Total time cost: 14783 ms
====================================



n = 19
====================================
Chosen samples: [29, 1, 18, 14, 33, 51, 23, 16, 53, 13, 46, 44, 4, 54, 9, 30, 50, 20, 48]
Time cost: 0 ms
Possible results size: 50388
Time cost: 2 ms
Cover list map size: 11628
Time cost: 7 ms
Result: [[29, 1, 33, 23, 13, 4, 54], [18, 14, 16, 46, 44, 20, 48], [51, 16, 53, 54, 9, 30, 50], [51, 23, 13, 44, 30, 50, 48], [29, 18, 14, 53, 4, 9, 20], [1, 33, 51, 53, 46, 9, 50], [1, 18, 14, 33, 16, 30, 20], [29, 1, 33, 44, 4, 54, 48], [29, 23, 16, 13, 46, 4, 54], [23, 53, 13, 44, 9, 30, 48], [18, 14, 46, 44, 54, 30, 20]]
Result size: 11
Time cost: 36399 ms
=====================================
Total time cost: 36408 ms
====================================



n = 20
====================================
Chosen samples: [21, 12, 18, 25, 10, 51, 8, 29, 28, 52, 35, 46, 20, 23, 9, 39, 2, 16, 44, 19]
Time cost: 0 ms
Possible results size: 77520
Time cost: 3 ms
Cover list map size: 15504
Time cost: 9 ms
Result: [[18, 25, 8, 46, 9, 44, 19], [21, 12, 35, 20, 23, 2, 16], [10, 51, 29, 28, 52, 39, 2], [21, 51, 8, 52, 35, 23, 19], [12, 29, 28, 46, 9, 39, 16], [18, 25, 10, 28, 20, 23, 44], [12, 18, 25, 51, 52, 16, 44], [21, 10, 29, 35, 46, 20, 39], [12, 10, 8, 20, 2, 16, 19], [21, 18, 25, 28, 35, 9, 2], [8, 29, 23, 9, 39, 44, 19], [10, 51, 52, 46, 20, 23, 9], [18, 25, 8, 29, 23, 39, 19], [21, 28, 35, 46, 9, 2, 44]]
Result size: 14
Time cost: 87741 ms
=====================================
Total time cost: 87753 ms
====================================



n = 21
====================================
Chosen samples: [32, 21, 7, 44, 38, 35, 40, 14, 27, 12, 23, 36, 26, 16, 15, 10, 49, 22, 29, 20, 53]
Time cost: 0 ms
Possible results size: 116280
Time cost: 4 ms
Cover list map size: 20349
Time cost: 10 ms
Result: [[32, 40, 12, 36, 26, 22, 29], [21, 38, 35, 14, 16, 10, 20], [7, 44, 27, 23, 15, 49, 53], [21, 38, 35, 40, 27, 49, 29], [7, 12, 26, 16, 22, 20, 53], [32, 44, 14, 23, 36, 15, 10], [44, 40, 23, 16, 15, 29, 20], [14, 27, 12, 26, 10, 49, 22], [32, 21, 7, 38, 35, 36, 53], [32, 27, 23, 36, 16, 49, 20], [7, 44, 40, 14, 10, 29, 53], [21, 38, 12, 23, 26, 15, 22], [44, 35, 12, 23, 26, 15, 22], [32, 21, 44, 38, 36, 16, 20]]
Result size: 14
Time cost: 197146 ms
=====================================
Total time cost: 197160 ms
====================================



n = 22
====================================
Chosen samples: [28, 8, 17, 37, 29, 12, 3, 51, 10, 43, 25, 9, 5, 49, 46, 15, 31, 32, 36, 52, 50, 45]
Time cost: 0 ms
Possible results size: 170544
Time cost: 5 ms
Cover list map size: 26334
Time cost: 13 ms
Result: [[28, 37, 29, 9, 49, 15, 36], [17, 12, 51, 25, 46, 50, 45], [8, 3, 10, 5, 31, 32, 52], [43, 9, 5, 36, 52, 50, 45], [8, 12, 51, 43, 49, 15, 31], [17, 37, 29, 3, 10, 43, 46], [28, 25, 49, 46, 15, 32, 52], [28, 12, 3, 51, 10, 9, 36], [8, 37, 29, 25, 31, 50, 45], [17, 37, 29, 12, 51, 5, 32], [17, 3, 10, 49, 15, 50, 45], [8, 25, 9, 46, 31, 32, 36], [28, 8, 17, 5, 46, 31, 52], [37, 29, 12, 51, 25, 5, 52], [28, 3, 10, 43, 32, 50, 45], [28, 43, 25, 5, 49, 46, 15], [17, 25, 9, 49, 15, 32, 36]]
Result size: 17
Time cost: 420539 ms
=====================================
Total time cost: 420558 ms
====================================



n = 23
====================================
Chosen samples: [51, 25, 34, 54, 21, 27, 33, 14, 19, 11, 47, 6, 46, 29, 45, 9, 43, 30, 49, 26, 31, 53, 32]
Time cost: 0 ms
Possible results size: 245157
Time cost: 7 ms
Cover list map size: 33649
Time cost: 17 ms
Result: [[25, 34, 33, 47, 46, 9, 30], [51, 29, 43, 49, 26, 53, 32], [21, 14, 19, 11, 6, 45, 31], [54, 27, 46, 43, 30, 49, 31], [51, 25, 34, 54, 21, 27, 53], [54, 19, 47, 45, 9, 26, 32], [27, 33, 14, 11, 6, 29, 9], [25, 34, 11, 6, 46, 26, 32], [51, 33, 14, 19, 45, 30, 53], [25, 21, 47, 29, 43, 49, 31], [51, 11, 47, 6, 46, 31, 53], [34, 21, 33, 14, 43, 49, 26], [34, 27, 19, 29, 45, 30, 32], [19, 11, 6, 45, 9, 43, 49], [54, 33, 14, 46, 29, 31, 32], [51, 21, 9, 30, 26, 31, 53], [25, 27, 33, 14, 47, 43, 49], [54, 11, 6, 29, 43, 30, 49], [51, 25, 19, 46, 45, 26, 53], [21, 27, 14, 47, 46, 9, 32], [54, 33, 14, 11, 6, 9, 32], [51, 34, 47, 30, 26, 31, 53], [25, 33, 9, 30, 26, 31, 32]]
Result size: 23
Time cost: 890753 ms
=====================================
Total time cost: 890777 ms
====================================



n = 24
====================================
Chosen samples: [32, 41, 50, 3, 33, 36, 13, 27, 51, 39, 1, 20, 25, 23, 16, 21, 6, 44, 31, 9, 49, 47, 52, 22]
Time cost: 0 ms
Possible results size: 346104
Time cost: 10 ms
Cover list map size: 42504
Time cost: 20 ms
Result: [[32, 27, 25, 44, 31, 49, 52], [39, 20, 23, 16, 6, 9, 22], [41, 3, 33, 36, 13, 21, 47], [50, 33, 36, 27, 51, 1, 22], [50, 3, 51, 23, 21, 44, 9], [13, 39, 1, 6, 31, 47, 52], [32, 41, 1, 20, 25, 16, 49], [3, 36, 51, 39, 25, 6, 49], [50, 33, 20, 16, 21, 31, 52], [32, 41, 13, 27, 23, 9, 47], [50, 13, 25, 44, 49, 47, 22], [32, 41, 3, 51, 31, 52, 22], [32, 33, 27, 39, 21, 6, 44], [36, 1, 25, 23, 31, 9, 52], [3, 13, 27, 51, 20, 16, 47], [41, 33, 20, 23, 44, 9, 49], [32, 41, 50, 36, 39, 6, 44], [1, 23, 16, 21, 9, 49, 22], [33, 27, 39, 25, 23, 6, 9], [36, 20, 16, 21, 44, 31, 52], [33, 13, 51, 25, 21, 47, 22], [41, 3, 27, 39, 1, 21, 6], [32, 50, 3, 51, 23, 9, 49], [32, 50, 36, 1, 20, 16, 44], [3, 33, 39, 20, 16, 6, 49], [41, 33, 51, 1, 25, 16, 44]]
Result size: 26
Time cost: 1784119 ms
=====================================
Total time cost: 1784149 ms
====================================



n = 25
====================================
Chosen samples: [49, 48, 9, 54, 41, 45, 23, 36, 43, 44, 1, 3, 40, 20, 18, 53, 35, 31, 4, 37, 46, 2, 13, 27, 6]
Time cost: 0 ms
Possible results size: 480700
Time cost: 14 ms
Cover list map size: 53130
Time cost: 25 ms
Result: [[54, 23, 43, 3, 18, 31, 27], [49, 9, 20, 53, 35, 46, 2], [48, 41, 36, 40, 4, 37, 6], [49, 48, 45, 23, 44, 1, 13], [9, 41, 1, 4, 46, 13, 27], [54, 45, 44, 18, 53, 35, 37], [36, 43, 44, 40, 20, 31, 2], [1, 3, 53, 35, 31, 13, 6], [9, 45, 36, 3, 40, 18, 46], [54, 41, 23, 20, 4, 2, 6], [49, 48, 43, 3, 20, 37, 27], [23, 36, 43, 40, 53, 35, 27], [49, 41, 45, 43, 18, 31, 4], [48, 54, 1, 37, 46, 2, 13], [48, 9, 44, 18, 2, 27, 6], [49, 9, 54, 36, 1, 40, 13], [41, 44, 3, 53, 35, 4, 46], [9, 23, 20, 31, 37, 46, 6], [45, 1, 20, 18, 53, 35, 13], [48, 54, 45, 53, 35, 31, 27], [41, 43, 1, 3, 37, 2, 13], [49, 45, 36, 40, 46, 27, 6], [48, 23, 36, 40, 18, 4, 2], [48, 9, 54, 43, 44, 4, 6], [41, 36, 44, 40, 31, 37, 27], [9, 45, 23, 53, 35, 4, 2], [49, 54, 23, 44, 3, 20, 4], [49, 41, 43, 20, 18, 46, 6], [49, 48, 1, 31, 4, 46, 13], [9, 54, 41, 36, 3, 20, 2], [49, 41, 43, 20, 37, 46, 2]]
Result size: 31
Time cost: 3584432 ms
=====================================
Total time cost: 3584471 ms
====================================



