ID = 1
====================================
Result size: 63
Solution: 50
Difference: 13
Time cost: 664 ms
=====================================
Total time cost: 685 ms
====================================



ID = 2
====================================
Result size: 193
Solution: 132
Difference: 61
Time cost: 695 ms
=====================================
Total time cost: 699 ms
====================================



ID = 3
====================================
Result size: 304
Solution: 245
Difference: 59
Time cost: 1717 ms
=====================================
Total time cost: 1719 ms
====================================



ID = 4
====================================
Result size: 24
Solution: 37
Difference: -13
Time cost: 11 ms
=====================================
Total time cost: 12 ms
====================================



ID = 5
====================================
Result size: 55
Solution: 42
Difference: 13
Time cost: 97 ms
=====================================
Total time cost: 97 ms
====================================



ID = 6
====================================
Result size: 198
Solution: 162
Difference: 36
Time cost: 5941 ms
=====================================
Total time cost: 5942 ms
====================================



ID = 7
====================================
Result size: 27
Solution: 26
Difference: 1
Time cost: 49 ms
=====================================
Total time cost: 50 ms
====================================



ID = 8
====================================
Result size: 45
Solution: 42
Difference: 3
Time cost: 250 ms
=====================================
Total time cost: 251 ms
====================================



ID = 9
====================================
Result size: 283
Solution: 280
Difference: 3
Time cost: 73716 ms
=====================================
Total time cost: 73722 ms
====================================



ID = 10
====================================
Result size: 15
Solution: 18
Difference: -3
Time cost: 75 ms
=====================================
Total time cost: 76 ms
====================================



ID = 11
====================================
Result size: 26
Solution: 28
Difference: -2
Time cost: 261 ms
=====================================
Total time cost: 261 ms
====================================



ID = 12
====================================
Result size: 67
Solution: 65
Difference: 2
Time cost: 8517 ms
=====================================
Total time cost: 8519 ms
====================================



ID = 13
====================================
Result size: 6
Solution: 6
Difference: 0
Time cost: 69 ms
=====================================
Total time cost: 70 ms
====================================



ID = 14
====================================
Result size: 12
Solution: 12
Difference: 0
Time cost: 316 ms
=====================================
Total time cost: 318 ms
====================================



ID = 15
====================================
Result size: 31
Solution: 38
Difference: -7
Time cost: 13463 ms
=====================================
Total time cost: 13469 ms
====================================



