n = 7
====================================
Chosen samples: [48, 36, 1, 44, 53, 50, 2]
Time cost: 1 ms
Possible results size: 1
Time cost: 0 ms
Cover list size: 21
Time cost: 1 ms
Result: [[48, 36, 1, 44, 53, 50, 2]]
Result size: 1
Time cost: 127 ms
=====================================
Total time cost: 129 ms
====================================



n = 8
====================================
Chosen samples: [48, 41, 47, 19, 36, 4, 24, 6]
Time cost: 0 ms
Possible results size: 8
Time cost: 0 ms
Cover list size: 56
Time cost: 1 ms
Result: [[48, 41, 47, 19, 36, 4, 24]]
Result size: 1
Time cost: 2 ms
=====================================
Total time cost: 3 ms
====================================



n = 9
====================================
Chosen samples: [42, 46, 8, 26, 40, 38, 25, 11, 1]
Time cost: 0 ms
Possible results size: 36
Time cost: 0 ms
Cover list size: 126
Time cost: 2 ms
Result: [[42, 46, 8, 26, 40, 38, 25]]
Result size: 1
Time cost: 9 ms
=====================================
Total time cost: 11 ms
====================================



n = 10
====================================
Chosen samples: [14, 32, 29, 22, 30, 47, 7, 31, 23, 41]
Time cost: 3 ms
Possible results size: 120
Time cost: 2 ms
Cover list size: 252
Time cost: 4 ms
Result: [[14, 32, 29, 22, 30, 47, 7], [14, 32, 29, 22, 31, 23, 41]]
Result size: 2
Time cost: 13 ms
=====================================
Total time cost: 22 ms
====================================



n = 11
====================================
Chosen samples: [17, 29, 1, 49, 15, 27, 54, 8, 2, 19, 53]
Time cost: 0 ms
Possible results size: 330
Time cost: 0 ms
Cover list size: 462
Time cost: 1 ms
Result: [[17, 29, 1, 49, 15, 27, 54], [17, 29, 1, 8, 2, 19, 53]]
Result size: 2
Time cost: 25 ms
=====================================
Total time cost: 26 ms
====================================



n = 12
====================================
Chosen samples: [18, 40, 50, 51, 36, 33, 4, 1, 44, 15, 23, 39]
Time cost: 0 ms
Possible results size: 792
Time cost: 3 ms
Cover list size: 792
Time cost: 3 ms
Result: [[18, 40, 50, 51, 36, 33, 4], [18, 40, 1, 44, 15, 23, 39]]
Result size: 2
Time cost: 42 ms
=====================================
Total time cost: 48 ms
====================================



n = 13
====================================
Chosen samples: [53, 32, 41, 46, 1, 48, 44, 52, 23, 40, 35, 18, 4]
Time cost: 0 ms
Possible results size: 1716
Time cost: 2 ms
Cover list size: 1287
Time cost: 1 ms
Result: [[53, 32, 41, 46, 1, 48, 44], [53, 52, 23, 40, 35, 18, 4]]
Result size: 2
Time cost: 111 ms
=====================================
Total time cost: 114 ms
====================================



n = 14
====================================
Chosen samples: [2, 39, 29, 18, 22, 33, 52, 38, 28, 41, 7, 8, 15, 12]
Time cost: 1 ms
Possible results size: 3432
Time cost: 0 ms
Cover list size: 2002
Time cost: 3 ms
Result: [[2, 39, 29, 18, 22, 33, 52], [38, 28, 41, 7, 8, 15, 12]]
Result size: 2
Time cost: 422 ms
=====================================
Total time cost: 426 ms
====================================



n = 15
====================================
Chosen samples: [24, 32, 50, 26, 9, 28, 30, 47, 49, 15, 7, 41, 33, 34, 31]
Time cost: 0 ms
Possible results size: 6435
Time cost: 0 ms
Cover list size: 3003
Time cost: 2 ms
Result: [[24, 32, 50, 26, 9, 28, 30], [47, 49, 15, 7, 41, 33, 34], [24, 32, 50, 26, 9, 28, 31], [30, 47, 49, 15, 7, 41, 31], [24, 32, 50, 26, 30, 33, 34]]
Result size: 5
Time cost: 1429 ms
=====================================
Total time cost: 1431 ms
====================================



n = 16
====================================
Chosen samples: [4, 40, 44, 21, 17, 48, 1, 6, 46, 18, 31, 50, 27, 53, 3, 37]
Time cost: 0 ms
Possible results size: 11440
Time cost: 2 ms
Cover list size: 4368
Time cost: 3 ms
Result: [[4, 40, 44, 21, 17, 48, 1], [6, 46, 18, 31, 50, 27, 53], [4, 40, 44, 21, 17, 3, 37], [48, 1, 6, 46, 18, 3, 37], [4, 48, 1, 31, 50, 27, 53]]
Result size: 5
Time cost: 3628 ms
=====================================
Total time cost: 3633 ms
====================================



n = 17
====================================
Chosen samples: [34, 53, 43, 40, 35, 36, 25, 51, 2, 54, 47, 24, 18, 4, 15, 21, 13]
Time cost: 0 ms
Possible results size: 19448
Time cost: 1 ms
Cover list size: 6188
Time cost: 1 ms
Result: [[34, 53, 43, 40, 35, 36, 25], [51, 2, 54, 47, 24, 18, 4], [34, 53, 43, 40, 15, 21, 13], [35, 36, 25, 51, 15, 21, 13], [35, 36, 2, 54, 47, 24, 18], [25, 2, 54, 4, 15, 21, 13], [35, 36, 25, 47, 24, 18, 4]]
Result size: 7
Time cost: 11958 ms
=====================================
Total time cost: 11960 ms
====================================



n = 18
====================================
Chosen samples: [49, 28, 27, 6, 30, 42, 32, 15, 54, 38, 14, 26, 39, 10, 45, 5, 48, 4]
Time cost: 1 ms
Possible results size: 31824
Time cost: 1 ms
Cover list size: 8568
Time cost: 2 ms
Result: [[49, 28, 27, 6, 30, 42, 32], [15, 54, 38, 14, 26, 39, 10], [49, 28, 15, 45, 5, 48, 4], [27, 6, 30, 54, 45, 5, 48], [42, 32, 38, 14, 26, 39, 4], [42, 32, 15, 10, 45, 5, 48], [49, 28, 38, 14, 26, 39, 10], [49, 27, 6, 30, 54, 10, 4], [49, 28, 27, 6, 42, 32, 54]]
Result size: 9
Time cost: 26667 ms
=====================================
Total time cost: 26671 ms
====================================



n = 19
====================================
Chosen samples: [1, 51, 6, 25, 27, 37, 11, 26, 39, 13, 41, 43, 38, 30, 23, 24, 10, 44, 29]
Time cost: 0 ms
Possible results size: 50388
Time cost: 2 ms
Cover list size: 11628
Time cost: 2 ms
Result: [[1, 51, 6, 25, 27, 37, 11], [26, 39, 13, 41, 43, 38, 30], [1, 26, 23, 24, 10, 44, 29], [51, 6, 39, 13, 23, 24, 10], [25, 27, 37, 41, 43, 44, 29], [11, 38, 30, 23, 24, 44, 29], [1, 25, 27, 37, 38, 30, 10], [51, 6, 26, 41, 43, 38, 30], [1, 11, 26, 39, 13, 41, 43], [51, 6, 11, 39, 13, 44, 29], [1, 25, 27, 37, 11, 26, 10]]
Result size: 11
Time cost: 64476 ms
=====================================
Total time cost: 64480 ms
====================================



n = 20
====================================
Chosen samples: [4, 39, 42, 20, 34, 37, 29, 19, 11, 6, 28, 50, 14, 30, 53, 24, 9, 23, 47, 32]
Time cost: 0 ms
Possible results size: 77520
Time cost: 2 ms
Cover list size: 15504
Time cost: 3 ms
Result: [[4, 39, 42, 20, 34, 37, 29], [19, 11, 6, 28, 50, 14, 30], [4, 53, 24, 9, 23, 47, 32], [39, 42, 20, 19, 11, 53, 24], [34, 37, 29, 6, 28, 9, 23], [39, 34, 50, 14, 30, 47, 32], [42, 20, 37, 6, 28, 47, 32], [37, 29, 50, 14, 30, 53, 24], [4, 29, 19, 11, 9, 23, 47], [42, 20, 50, 14, 30, 9, 23], [4, 39, 34, 6, 28, 53, 24], [4, 39, 37, 29, 19, 11, 32], [4, 34, 37, 19, 11, 9, 23]]
Result size: 13
Time cost: 123633 ms
=====================================
Total time cost: 123638 ms
====================================



