n = 7
====================================
Chosen samples: [46, 36, 30, 8, 35, 27, 44]
Time cost: 2 ms
Possible results size: 1
Time cost: 0 ms
Cover list size: 21
Time cost: 1 ms
Result: [[46, 36, 30, 8, 35, 27, 44]]
Result size: 1
Time cost: 4 ms
=====================================
Total time cost: 8 ms
====================================



n = 8
====================================
Chosen samples: [14, 39, 28, 17, 54, 16, 30, 3]
Time cost: 0 ms
Possible results size: 8
Time cost: 0 ms
Cover list size: 56
Time cost: 0 ms
Result: [[14, 39, 28, 17, 16, 30, 3]]
Result size: 1
Time cost: 2 ms
=====================================
Total time cost: 2 ms
====================================



n = 9
====================================
Chosen samples: [25, 4, 27, 9, 17, 37, 47, 30, 36]
Time cost: 0 ms
Possible results size: 36
Time cost: 0 ms
Cover list size: 126
Time cost: 0 ms
Result: [[25, 4, 9, 17, 37, 30, 36]]
Result size: 1
Time cost: 5 ms
=====================================
Total time cost: 5 ms
====================================



n = 10
====================================
Chosen samples: [50, 5, 34, 27, 21, 4, 38, 7, 11, 8]
Time cost: 0 ms
Possible results size: 120
Time cost: 0 ms
Cover list size: 252
Time cost: 0 ms
Result: [[5, 34, 27, 4, 38, 7, 11], [50, 5, 34, 27, 21, 38, 8]]
Result size: 2
Time cost: 17 ms
=====================================
Total time cost: 17 ms
====================================



n = 11
====================================
Chosen samples: [34, 31, 48, 16, 24, 17, 6, 27, 5, 47, 18]
Time cost: 1 ms
Possible results size: 330
Time cost: 0 ms
Cover list size: 462
Time cost: 0 ms
Result: [[16, 24, 17, 6, 5, 47, 18], [34, 31, 48, 16, 27, 47, 18]]
Result size: 2
Time cost: 18 ms
=====================================
Total time cost: 19 ms
====================================



n = 12
====================================
Chosen samples: [6, 38, 12, 32, 14, 33, 15, 9, 43, 3, 25, 51]
Time cost: 0 ms
Possible results size: 792
Time cost: 0 ms
Cover list size: 792
Time cost: 0 ms
Result: [[12, 32, 14, 9, 43, 3, 25], [6, 38, 33, 15, 3, 25, 51]]
Result size: 2
Time cost: 42 ms
=====================================
Total time cost: 42 ms
====================================



n = 13
====================================
Chosen samples: [19, 11, 22, 13, 35, 47, 18, 4, 41, 5, 54, 14, 27]
Time cost: 0 ms
Possible results size: 1716
Time cost: 1 ms
Cover list size: 1287
Time cost: 0 ms
Result: [[19, 22, 47, 4, 41, 5, 14], [11, 13, 35, 18, 5, 54, 27]]
Result size: 2
Time cost: 15 ms
=====================================
Total time cost: 16 ms
====================================



n = 14
====================================
Chosen samples: [5, 3, 51, 46, 28, 23, 10, 6, 8, 38, 13, 14, 18, 32]
Time cost: 0 ms
Possible results size: 3432
Time cost: 0 ms
Cover list size: 2002
Time cost: 0 ms
Result: [[3, 51, 46, 28, 10, 6, 13], [5, 23, 8, 38, 14, 18, 32]]
Result size: 2
Time cost: 36 ms
=====================================
Total time cost: 36 ms
====================================



n = 15
====================================
Chosen samples: [41, 13, 10, 48, 34, 43, 7, 19, 29, 6, 24, 16, 54, 27, 36]
Time cost: 0 ms
Possible results size: 6435
Time cost: 0 ms
Cover list size: 3003
Time cost: 0 ms
Result: [[10, 48, 43, 19, 24, 16, 54], [41, 34, 7, 29, 6, 27, 36], [13, 10, 48, 43, 19, 16, 54], [41, 13, 7, 6, 24, 27, 36], [10, 34, 7, 29, 24, 27, 36]]
Result size: 5
Time cost: 84 ms
=====================================
Total time cost: 84 ms
====================================



n = 16
====================================
Chosen samples: [19, 29, 9, 17, 39, 28, 34, 14, 31, 42, 30, 38, 32, 18, 21, 3]
Time cost: 0 ms
Possible results size: 11440
Time cost: 0 ms
Cover list size: 4368
Time cost: 0 ms
Result: [[19, 9, 34, 14, 31, 42, 38], [17, 39, 30, 32, 18, 21, 3], [29, 17, 39, 28, 30, 18, 3], [29, 28, 14, 31, 42, 32, 21], [19, 29, 9, 17, 28, 34, 38]]
Result size: 5
Time cost: 198 ms
=====================================
Total time cost: 198 ms
====================================



n = 17
====================================
Chosen samples: [30, 35, 22, 38, 15, 3, 51, 25, 8, 27, 32, 12, 18, 5, 17, 16, 1]
Time cost: 0 ms
Possible results size: 19448
Time cost: 1 ms
Cover list size: 6188
Time cost: 1 ms
Result: [[35, 27, 32, 18, 5, 17, 16], [30, 38, 3, 51, 8, 12, 1], [22, 15, 25, 18, 5, 17, 16], [35, 22, 15, 25, 8, 27, 32], [15, 51, 25, 27, 32, 12, 1], [30, 35, 22, 38, 15, 3, 25], [30, 22, 38, 3, 51, 12, 1]]
Result size: 7
Time cost: 528 ms
=====================================
Total time cost: 530 ms
====================================



n = 18
====================================
Chosen samples: [14, 41, 31, 48, 35, 24, 21, 46, 50, 42, 33, 5, 53, 22, 20, 28, 10, 27]
Time cost: 0 ms
Possible results size: 31824
Time cost: 1 ms
Cover list size: 8568
Time cost: 1 ms
Result: [[31, 24, 46, 33, 5, 53, 10], [14, 41, 48, 50, 22, 28, 27], [14, 35, 21, 42, 33, 5, 20], [31, 35, 24, 42, 53, 22, 20], [48, 21, 46, 50, 28, 10, 27], [14, 41, 35, 46, 42, 20, 10], [41, 48, 50, 33, 5, 28, 27], [41, 31, 24, 21, 33, 53, 22], [21, 46, 33, 5, 53, 22, 10]]
Result size: 9
Time cost: 1294 ms
=====================================
Total time cost: 1296 ms
====================================



n = 19
====================================
Chosen samples: [8, 15, 38, 50, 44, 20, 17, 45, 2, 42, 32, 51, 28, 30, 13, 1, 43, 36, 7]
Time cost: 0 ms
Possible results size: 50388
Time cost: 1 ms
Cover list size: 11628
Time cost: 1 ms
Result: [[45, 2, 51, 28, 1, 43, 7], [8, 38, 17, 42, 32, 30, 36], [15, 50, 44, 20, 51, 30, 13], [15, 44, 2, 32, 13, 1, 36], [38, 50, 20, 17, 45, 28, 7], [8, 15, 50, 20, 42, 13, 43], [8, 44, 45, 42, 51, 28, 7], [8, 38, 17, 2, 42, 30, 1], [38, 17, 32, 51, 30, 43, 36], [50, 20, 2, 32, 1, 43, 36], [15, 20, 45, 28, 13, 43, 7]]
Result size: 11
Time cost: 2989 ms
=====================================
Total time cost: 2991 ms
====================================



n = 20
====================================
Chosen samples: [24, 21, 16, 14, 44, 47, 15, 7, 31, 20, 25, 36, 51, 9, 38, 26, 48, 5, 22, 6]
Time cost: 0 ms
Possible results size: 77520
Time cost: 1 ms
Cover list size: 15504
Time cost: 1 ms
Result: [[44, 15, 7, 25, 36, 26, 6], [21, 14, 47, 9, 38, 5, 22], [24, 16, 15, 31, 20, 51, 48], [16, 7, 31, 36, 51, 9, 38], [24, 14, 20, 25, 48, 22, 6], [21, 44, 47, 31, 26, 48, 5], [24, 16, 14, 44, 51, 26, 22], [24, 21, 47, 7, 20, 36, 5], [15, 20, 25, 9, 38, 26, 6], [21, 16, 47, 25, 51, 5, 6], [14, 15, 7, 31, 36, 48, 22], [24, 44, 15, 31, 20, 9, 38], [24, 15, 25, 9, 38, 48, 6]]
Result size: 13
Time cost: 7639 ms
=====================================
Total time cost: 7641 ms
====================================



n = 21
====================================
Chosen samples: [26, 7, 32, 43, 31, 25, 17, 23, 46, 35, 36, 10, 45, 30, 27, 4, 47, 52, 8, 29, 18]
Time cost: 0 ms
Possible results size: 116280
Time cost: 2 ms
Cover list size: 20349
Time cost: 1 ms
Result: [[32, 17, 23, 36, 47, 8, 29], [43, 25, 35, 10, 27, 52, 18], [26, 7, 31, 46, 45, 30, 4], [31, 25, 46, 10, 47, 52, 8], [26, 7, 32, 36, 27, 29, 18], [43, 17, 23, 35, 45, 30, 4], [45, 30, 27, 4, 47, 8, 18], [26, 7, 25, 17, 23, 10, 52], [32, 43, 31, 46, 35, 36, 29], [26, 7, 32, 43, 35, 47, 8], [31, 17, 23, 46, 10, 27, 18], [25, 36, 45, 30, 4, 52, 29], [32, 25, 17, 23, 27, 52, 18], [46, 36, 10, 45, 30, 4, 29]]
Result size: 14
Time cost: 16309 ms
=====================================
Total time cost: 16312 ms
====================================



n = 22
====================================
Chosen samples: [11, 34, 39, 54, 37, 5, 27, 49, 17, 43, 28, 16, 22, 8, 15, 53, 14, 45, 52, 20, 51, 42]
Time cost: 0 ms
Possible results size: 170544
Time cost: 2 ms
Cover list size: 26334
Time cost: 2 ms
Result: [[11, 54, 43, 22, 45, 52, 20], [34, 37, 27, 17, 8, 14, 51], [39, 5, 28, 16, 15, 53, 42], [5, 49, 17, 16, 8, 45, 52], [34, 27, 49, 22, 15, 20, 42], [39, 54, 49, 43, 53, 14, 51], [11, 34, 54, 37, 43, 28, 16], [11, 15, 14, 45, 52, 51, 42], [39, 37, 17, 22, 8, 53, 20], [5, 27, 28, 22, 14, 20, 51], [54, 27, 17, 43, 8, 15, 42], [34, 39, 37, 27, 53, 45, 52], [11, 5, 49, 17, 28, 8, 52], [11, 37, 16, 22, 14, 20, 51], [34, 54, 37, 5, 43, 28, 45], [11, 34, 39, 37, 27, 16, 53], [37, 49, 17, 28, 8, 45, 52], [37, 5, 16, 14, 45, 52, 51]]
Result size: 18
Time cost: 30961 ms
=====================================
Total time cost: 30965 ms
====================================



n = 23
====================================
Chosen samples: [42, 41, 35, 34, 8, 29, 17, 49, 39, 10, 51, 48, 38, 25, 45, 23, 13, 4, 31, 52, 21, 36, 9]
Time cost: 0 ms
Possible results size: 245157
Time cost: 3 ms
Cover list size: 33649
Time cost: 2 ms
Result: [[42, 35, 49, 10, 51, 48, 45], [41, 34, 8, 39, 13, 36, 9], [29, 38, 25, 4, 31, 52, 21], [34, 8, 17, 10, 38, 23, 4], [17, 39, 48, 25, 23, 13, 31], [42, 41, 35, 29, 23, 52, 9], [29, 17, 49, 51, 45, 21, 36], [41, 49, 51, 25, 4, 31, 9], [42, 35, 39, 38, 45, 13, 21], [34, 8, 10, 48, 25, 52, 36], [49, 39, 10, 51, 13, 4, 52], [41, 34, 8, 48, 45, 31, 21], [42, 35, 17, 38, 31, 36, 9], [42, 35, 34, 8, 29, 49, 51], [10, 45, 23, 4, 21, 36, 9], [41, 29, 39, 10, 48, 38, 13], [34, 8, 17, 25, 45, 52, 21], [34, 8, 49, 51, 38, 23, 36], [42, 41, 35, 39, 25, 13, 4], [29, 17, 48, 45, 4, 52, 9], [29, 49, 51, 48, 45, 23, 21], [42, 41, 35, 10, 45, 31, 52], [41, 29, 10, 48, 25, 45, 9], [41, 8, 17, 38, 45, 13, 4]]
Result size: 24
Time cost: 70332 ms
=====================================
Total time cost: 70337 ms
====================================



n = 24
====================================
Chosen samples: [8, 1, 11, 35, 38, 18, 46, 21, 48, 53, 15, 22, 13, 19, 51, 33, 7, 17, 29, 41, 20, 52, 10, 30]
Time cost: 0 ms
Possible results size: 346104
Time cost: 5 ms
Cover list size: 42504
Time cost: 2 ms
Result: [[1, 46, 48, 13, 19, 7, 17], [8, 11, 38, 53, 15, 10, 30], [35, 18, 51, 33, 41, 20, 52], [8, 21, 22, 19, 51, 7, 29], [1, 18, 46, 21, 22, 33, 30], [48, 53, 15, 17, 29, 41, 20], [11, 35, 38, 13, 29, 52, 10], [38, 46, 21, 7, 41, 20, 10], [1, 35, 53, 15, 22, 19, 52], [8, 11, 18, 48, 13, 33, 17], [38, 48, 22, 51, 17, 10, 30], [11, 46, 21, 53, 15, 13, 51], [8, 1, 11, 19, 41, 20, 30], [18, 53, 15, 33, 7, 29, 10], [8, 35, 46, 21, 48, 17, 52], [38, 18, 13, 19, 33, 52, 30], [11, 22, 13, 7, 41, 20, 30], [1, 35, 38, 18, 51, 33, 29], [1, 21, 19, 33, 41, 20, 10], [1, 35, 53, 15, 7, 52, 30], [8, 18, 46, 22, 29, 41, 20], [1, 38, 48, 53, 15, 19, 17], [11, 35, 22, 19, 7, 52, 10], [8, 1, 35, 18, 13, 51, 52], [8, 1, 46, 21, 19, 29, 30], [11, 38, 46, 22, 51, 33, 29], [35, 18, 46, 13, 7, 52, 10]]
Result size: 27
Time cost: 134316 ms
=====================================
Total time cost: 134323 ms
====================================



n = 25
====================================
Chosen samples: [20, 22, 28, 12, 39, 4, 46, 33, 26, 29, 37, 30, 23, 48, 18, 21, 43, 6, 31, 44, 15, 16, 3, 11, 25]
Time cost: 0 ms
Possible results size: 480700
Time cost: 7 ms
Cover list size: 53130
Time cost: 2 ms
Result: [[20, 33, 37, 21, 6, 15, 11], [4, 26, 23, 43, 44, 16, 3], [22, 12, 39, 48, 18, 31, 25], [20, 28, 39, 46, 29, 30, 23], [46, 37, 30, 48, 31, 15, 3], [28, 26, 29, 21, 43, 6, 25], [28, 12, 4, 33, 18, 44, 11], [22, 4, 46, 30, 21, 6, 16], [12, 26, 29, 37, 18, 15, 16], [22, 33, 23, 48, 43, 31, 11], [20, 39, 33, 44, 16, 3, 25], [12, 23, 18, 21, 6, 44, 3], [20, 4, 26, 29, 48, 31, 44], [39, 46, 37, 30, 43, 11, 25], [22, 28, 39, 26, 15, 3, 11], [20, 12, 46, 30, 18, 43, 15], [28, 37, 48, 21, 6, 31, 16], [22, 4, 33, 37, 23, 15, 25], [46, 33, 26, 29, 30, 21, 6], [39, 4, 29, 21, 43, 6, 3], [46, 30, 48, 44, 16, 11, 25], [20, 22, 12, 29, 37, 18, 3], [12, 39, 26, 23, 18, 31, 11], [22, 28, 39, 43, 31, 44, 15], [28, 12, 4, 48, 18, 3, 25], [29, 23, 21, 6, 31, 15, 11], [20, 28, 33, 23, 43, 31, 16], [39, 46, 33, 26, 37, 30, 44], [20, 22, 21, 43, 6, 16, 25], [39, 29, 37, 48, 43, 31, 15], [20, 28, 12, 4, 21, 6, 3]]
Result size: 31
Time cost: 322856 ms
=====================================
Total time cost: 322865 ms
====================================



