ID = 1
====================================
Result size: 64
Solution: 50
Difference: 14
Time cost: 653 ms
=====================================
Total time cost: 661 ms
====================================



ID = 2
====================================
Result size: 185
Solution: 132
Difference: 53
Time cost: 1033 ms
=====================================
Total time cost: 1040 ms
====================================



ID = 3
====================================
Result size: 306
Solution: 245
Difference: 61
Time cost: 2163 ms
=====================================
Total time cost: 2166 ms
====================================



ID = 4
====================================
Result size: 23
Solution: 37
Difference: -14
Time cost: 13 ms
=====================================
Total time cost: 14 ms
====================================



ID = 5
====================================
Result size: 56
Solution: 42
Difference: 14
Time cost: 105 ms
=====================================
Total time cost: 105 ms
====================================



ID = 6
====================================
Result size: 194
Solution: 162
Difference: 32
Time cost: 7078 ms
=====================================
Total time cost: 7080 ms
====================================



ID = 7
====================================
Result size: 23
Solution: 26
Difference: -3
Time cost: 32 ms
=====================================
Total time cost: 32 ms
====================================



ID = 8
====================================
Result size: 48
Solution: 42
Difference: 6
Time cost: 130 ms
=====================================
Total time cost: 132 ms
====================================



ID = 9
====================================
Result size: 284
Solution: 280
Difference: 4
Time cost: 31990 ms
=====================================
Total time cost: 31991 ms
====================================



ID = 10
====================================
Result size: 15
Solution: 18
Difference: -3
Time cost: 41 ms
=====================================
Total time cost: 42 ms
====================================



ID = 11
====================================
Result size: 27
Solution: 28
Difference: -1
Time cost: 213 ms
=====================================
Total time cost: 214 ms
====================================



ID = 12
====================================
Result size: 66
Solution: 65
Difference: 1
Time cost: 3783 ms
=====================================
Total time cost: 3783 ms
====================================



ID = 13
====================================
Result size: 6
Solution: 6
Difference: 0
Time cost: 24 ms
=====================================
Total time cost: 25 ms
====================================



ID = 14
====================================
Result size: 12
Solution: 12
Difference: 0
Time cost: 86 ms
=====================================
Total time cost: 86 ms
====================================



ID = 15
====================================
Result size: 31
Solution: 38
Difference: -7
Time cost: 2781 ms
=====================================
Total time cost: 2782 ms
====================================



