ID = 1
====================================
Result size: 74
Solution: 50
Difference: 24
Time cost: 705 ms
=====================================
Total time cost: 717 ms
====================================



ID = 2
====================================
Result size: 194
Solution: 132
Difference: 62
Time cost: 821 ms
=====================================
Total time cost: 828 ms
====================================



ID = 3
====================================
Result size: 308
Solution: 245
Difference: 63
Time cost: 1731 ms
=====================================
Total time cost: 1734 ms
====================================



ID = 4
====================================
Result size: 26
Solution: 37
Difference: -11
Time cost: 10 ms
=====================================
Total time cost: 12 ms
====================================



ID = 5
====================================
Result size: 56
Solution: 42
Difference: 14
Time cost: 102 ms
=====================================
Total time cost: 102 ms
====================================



ID = 6
====================================
Result size: 194
Solution: 162
Difference: 32
Time cost: 5507 ms
=====================================
Total time cost: 5508 ms
====================================



ID = 7
====================================
Result size: 30
Solution: 26
Difference: 4
Time cost: 30 ms
=====================================
Total time cost: 30 ms
====================================



ID = 8
====================================
Result size: 48
Solution: 42
Difference: 6
Time cost: 106 ms
=====================================
Total time cost: 108 ms
====================================



ID = 9
====================================
Result size: 284
Solution: 280
Difference: 4
Time cost: 25323 ms
=====================================
Total time cost: 25324 ms
====================================



ID = 10
====================================
Result size: 15
Solution: 18
Difference: -3
Time cost: 45 ms
=====================================
Total time cost: 46 ms
====================================



ID = 11
====================================
Result size: 28
Solution: 28
Difference: 0
Time cost: 129 ms
=====================================
Total time cost: 129 ms
====================================



ID = 12
====================================
Result size: 68
Solution: 65
Difference: 3
Time cost: 3085 ms
=====================================
Total time cost: 3086 ms
====================================



ID = 13
====================================
Result size: 6
Solution: 6
Difference: 0
Time cost: 21 ms
=====================================
Total time cost: 22 ms
====================================



ID = 14
====================================
Result size: 13
Solution: 12
Difference: 1
Time cost: 65 ms
=====================================
Total time cost: 65 ms
====================================



ID = 15
====================================
Result size: 33
Solution: 38
Difference: -5
Time cost: 2599 ms
=====================================
Total time cost: 2601 ms
====================================



