ID = 1
====================================
Result size: 68
Solution: 50
Difference: 18
Time cost: 285 ms
=====================================
Total time cost: 293 ms
====================================



ID = 2
====================================
Result size: 186
Solution: 132
Difference: 54
Time cost: 1070 ms
=====================================
Total time cost: 1074 ms
====================================



ID = 3
====================================
Result size: 307
Solution: 245
Difference: 62
Time cost: 5122 ms
=====================================
Total time cost: 5126 ms
====================================



ID = 4
====================================
Result size: 28
Solution: 37
Difference: -9
Time cost: 20 ms
=====================================
Total time cost: 22 ms
====================================



ID = 5
====================================
Result size: 55
Solution: 42
Difference: 13
Time cost: 200 ms
=====================================
Total time cost: 201 ms
====================================



ID = 6
====================================
Result size: 196
Solution: 162
Difference: 34
Time cost: 18943 ms
=====================================
Total time cost: 18944 ms
====================================



ID = 7
====================================
Result size: 29
Solution: 26
Difference: 3
Time cost: 44 ms
=====================================
Total time cost: 45 ms
====================================



ID = 8
====================================
Result size: 49
Solution: 42
Difference: 7
Time cost: 256 ms
=====================================
Total time cost: 256 ms
====================================



ID = 9
====================================
Result size: 296
Solution: 280
Difference: 16
Time cost: 91268 ms
=====================================
Total time cost: 91268 ms
====================================



ID = 10
====================================
Result size: 19
Solution: 18
Difference: 1
Time cost: 81 ms
=====================================
Total time cost: 81 ms
====================================



ID = 11
====================================
Result size: 28
Solution: 28
Difference: 0
Time cost: 317 ms
=====================================
Total time cost: 317 ms
====================================



ID = 12
====================================
Result size: 71
Solution: 65
Difference: 6
Time cost: 10568 ms
=====================================
Total time cost: 10568 ms
====================================



ID = 13
====================================
Result size: 8
Solution: 6
Difference: 2
Time cost: 50 ms
=====================================
Total time cost: 50 ms
====================================



ID = 14
====================================
Result size: 13
Solution: 12
Difference: 1
Time cost: 209 ms
=====================================
Total time cost: 209 ms
====================================



ID = 15
====================================
Result size: 35
Solution: 38
Difference: -3
Time cost: 8654 ms
=====================================
Total time cost: 8654 ms
====================================



