ID = 1
====================================
Result size: 65
Solution: 50
Difference: 15
Time cost: 564 ms
=====================================
Total time cost: 572 ms
====================================



ID = 2
====================================
Result size: 193
Solution: 132
Difference: 61
Time cost: 700 ms
=====================================
Total time cost: 706 ms
====================================



ID = 3
====================================
Result size: 305
Solution: 245
Difference: 60
Time cost: 1240 ms
=====================================
Total time cost: 1242 ms
====================================



ID = 4
====================================
Result size: 26
Solution: 37
Difference: -11
Time cost: 11 ms
=====================================
Total time cost: 12 ms
====================================



ID = 5
====================================
Result size: 54
Solution: 42
Difference: 12
Time cost: 56 ms
=====================================
Total time cost: 57 ms
====================================



ID = 6
====================================
Result size: 193
Solution: 162
Difference: 31
Time cost: 3915 ms
=====================================
Total time cost: 3916 ms
====================================



ID = 7
====================================
Result size: 35
Solution: 26
Difference: 9
Time cost: 21 ms
=====================================
Total time cost: 22 ms
====================================



ID = 8
====================================
Result size: 47
Solution: 42
Difference: 5
Time cost: 69 ms
=====================================
Total time cost: 69 ms
====================================



ID = 9
====================================
Result size: 292
Solution: 280
Difference: 12
Time cost: 18672 ms
=====================================
Total time cost: 18672 ms
====================================



ID = 10
====================================
Result size: 18
Solution: 18
Difference: 0
Time cost: 41 ms
=====================================
Total time cost: 41 ms
====================================



ID = 11
====================================
Result size: 29
Solution: 28
Difference: 1
Time cost: 124 ms
=====================================
Total time cost: 124 ms
====================================



ID = 12
====================================
Result size: 70
Solution: 65
Difference: 5
Time cost: 2084 ms
=====================================
Total time cost: 2085 ms
====================================



ID = 13
====================================
Result size: 9
Solution: 6
Difference: 3
Time cost: 19 ms
=====================================
Total time cost: 19 ms
====================================



ID = 14
====================================
Result size: 13
Solution: 12
Difference: 1
Time cost: 77 ms
=====================================
Total time cost: 77 ms
====================================



ID = 15
====================================
Result size: 35
Solution: 38
Difference: -3
Time cost: 1637 ms
=====================================
Total time cost: 1637 ms
====================================



