ID = 1
====================================
Result size: 73
Solution: 50
Difference: 23
Time cost: 415 ms
=====================================
Total time cost: 418 ms
====================================



ID = 2
====================================
Result size: 194
Solution: 132
Difference: 62
Time cost: 611 ms
=====================================
Total time cost: 616 ms
====================================



ID = 3
====================================
Result size: 312
Solution: 245
Difference: 67
Time cost: 1214 ms
=====================================
Total time cost: 1217 ms
====================================



ID = 4
====================================
Result size: 27
Solution: 37
Difference: -10
Time cost: 7 ms
=====================================
Total time cost: 10 ms
====================================



ID = 5
====================================
Result size: 60
Solution: 42
Difference: 18
Time cost: 54 ms
=====================================
Total time cost: 54 ms
====================================



ID = 6
====================================
Result size: 193
Solution: 162
Difference: 31
Time cost: 3127 ms
=====================================
Total time cost: 3128 ms
====================================



ID = 7
====================================
Result size: 31
Solution: 26
Difference: 5
Time cost: 15 ms
=====================================
Total time cost: 15 ms
====================================



ID = 8
====================================
Result size: 51
Solution: 42
Difference: 9
Time cost: 55 ms
=====================================
Total time cost: 57 ms
====================================



ID = 9
====================================
Result size: 295
Solution: 280
Difference: 15
Time cost: 12595 ms
=====================================
Total time cost: 12596 ms
====================================



ID = 10
====================================
Result size: 20
Solution: 18
Difference: 2
Time cost: 21 ms
=====================================
Total time cost: 22 ms
====================================



ID = 11
====================================
Result size: 29
Solution: 28
Difference: 1
Time cost: 61 ms
=====================================
Total time cost: 61 ms
====================================



ID = 12
====================================
Result size: 70
Solution: 65
Difference: 5
Time cost: 1817 ms
=====================================
Total time cost: 1817 ms
====================================



ID = 13
====================================
Result size: 7
Solution: 6
Difference: 1
Time cost: 7 ms
=====================================
Total time cost: 8 ms
====================================



ID = 14
====================================
Result size: 12
Solution: 12
Difference: 0
Time cost: 31 ms
=====================================
Total time cost: 31 ms
====================================



ID = 15
====================================
Result size: 34
Solution: 38
Difference: -4
Time cost: 1130 ms
=====================================
Total time cost: 1130 ms
====================================



