n = 7
====================================
Chosen samples: [37, 2, 13, 51, 31, 3, 54]
Time cost: 1 ms
Possible results size: 1
Time cost: 0 ms
Cover list map size: 21
Time cost: 1 ms
Result: [[37, 2, 13, 51, 31, 3, 54]]
Result size: 1
Time cost: 1 ms
=====================================
Total time cost: 3 ms
====================================



n = 8
====================================
Chosen samples: [51, 46, 15, 22, 48, 27, 50, 43]
Time cost: 0 ms
Possible results size: 8
Time cost: 0 ms
Cover list map size: 56
Time cost: 1 ms
Result: [[51, 46, 15, 22, 48, 27, 50]]
Result size: 1
Time cost: 0 ms
=====================================
Total time cost: 1 ms
====================================



n = 9
====================================
Chosen samples: [34, 24, 27, 1, 20, 47, 5, 41, 4]
Time cost: 0 ms
Possible results size: 36
Time cost: 0 ms
Cover list map size: 126
Time cost: 0 ms
Result: [[34, 24, 27, 1, 20, 47, 5]]
Result size: 1
Time cost: 5 ms
=====================================
Total time cost: 5 ms
====================================



n = 10
====================================
Chosen samples: [51, 33, 21, 44, 6, 28, 49, 36, 35, 3]
Time cost: 0 ms
Possible results size: 120
Time cost: 0 ms
Cover list map size: 252
Time cost: 1 ms
Result: [[51, 33, 21, 44, 6, 28, 49], [51, 33, 21, 44, 36, 35, 3]]
Result size: 2
Time cost: 14 ms
=====================================
Total time cost: 15 ms
====================================



n = 11
====================================
Chosen samples: [49, 20, 25, 50, 38, 17, 54, 23, 51, 6, 18]
Time cost: 0 ms
Possible results size: 330
Time cost: 1 ms
Cover list map size: 462
Time cost: 1 ms
Result: [[49, 20, 25, 50, 38, 17, 54], [49, 20, 25, 23, 51, 6, 18]]
Result size: 2
Time cost: 43 ms
=====================================
Total time cost: 45 ms
====================================



n = 12
====================================
Chosen samples: [4, 52, 2, 43, 53, 6, 50, 13, 25, 17, 9, 24]
Time cost: 0 ms
Possible results size: 792
Time cost: 0 ms
Cover list map size: 792
Time cost: 1 ms
Result: [[4, 52, 2, 43, 53, 6, 50], [4, 52, 13, 25, 17, 9, 24]]
Result size: 2
Time cost: 172 ms
=====================================
Total time cost: 173 ms
====================================



n = 13
====================================
Chosen samples: [25, 47, 29, 41, 28, 1, 43, 19, 38, 33, 2, 53, 50]
Time cost: 0 ms
Possible results size: 1716
Time cost: 0 ms
Cover list map size: 1287
Time cost: 2 ms
Result: [[25, 47, 29, 41, 28, 1, 43], [25, 19, 38, 33, 2, 53, 50]]
Result size: 2
Time cost: 658 ms
=====================================
Total time cost: 660 ms
====================================



n = 14
====================================
Chosen samples: [12, 24, 49, 10, 50, 5, 22, 29, 20, 7, 39, 11, 9, 52]
Time cost: 0 ms
Possible results size: 3432
Time cost: 0 ms
Cover list map size: 2002
Time cost: 3 ms
Result: [[12, 24, 49, 10, 50, 5, 22], [29, 20, 7, 39, 11, 9, 52]]
Result size: 2
Time cost: 2089 ms
=====================================
Total time cost: 2092 ms
====================================



n = 15
====================================
Chosen samples: [48, 2, 43, 45, 52, 8, 40, 7, 42, 13, 36, 51, 39, 27, 46]
Time cost: 0 ms
Possible results size: 6435
Time cost: 1 ms
Cover list map size: 3003
Time cost: 3 ms
Result: [[48, 2, 43, 45, 52, 8, 40], [7, 42, 13, 36, 51, 39, 27], [48, 2, 43, 45, 52, 8, 46], [40, 7, 42, 13, 36, 51, 46], [48, 2, 43, 45, 40, 39, 27]]
Result size: 5
Time cost: 7213 ms
=====================================
Total time cost: 7217 ms
====================================



n = 16
====================================
Chosen samples: [15, 38, 20, 32, 33, 12, 27, 35, 41, 6, 1, 47, 5, 26, 39, 31]
Time cost: 0 ms
Possible results size: 11440
Time cost: 0 ms
Cover list map size: 4368
Time cost: 4 ms
Result: [[15, 38, 20, 32, 33, 12, 27], [35, 41, 6, 1, 47, 5, 26], [15, 38, 20, 32, 33, 39, 31], [12, 27, 35, 41, 6, 39, 31], [15, 12, 27, 1, 47, 5, 26]]
Result size: 5
Time cost: 21237 ms
=====================================
Total time cost: 21241 ms
====================================



n = 17
====================================
Chosen samples: [43, 29, 35, 40, 3, 50, 42, 13, 30, 38, 51, 17, 16, 23, 6, 10, 32]
Time cost: 1 ms
Possible results size: 19448
Time cost: 1 ms
Cover list map size: 6188
Time cost: 5 ms
Result: [[43, 29, 35, 40, 3, 50, 42], [13, 30, 38, 51, 17, 16, 23], [43, 29, 35, 40, 6, 10, 32], [3, 50, 42, 13, 6, 10, 32], [3, 50, 30, 38, 51, 17, 16], [42, 30, 38, 23, 6, 10, 32], [3, 50, 42, 51, 17, 16, 23]]
Result size: 7
Time cost: 56782 ms
=====================================
Total time cost: 56789 ms
====================================



n = 18
====================================
Chosen samples: [48, 5, 37, 45, 4, 9, 28, 2, 44, 33, 1, 47, 10, 12, 13, 41, 34, 21]
Time cost: 0 ms
Possible results size: 31824
Time cost: 2 ms
Cover list map size: 8568
Time cost: 8 ms
Result: [[48, 5, 37, 45, 4, 9, 28], [2, 44, 33, 1, 47, 10, 12], [48, 5, 2, 13, 41, 34, 21], [37, 45, 4, 44, 13, 41, 34], [9, 28, 33, 1, 47, 10, 21], [9, 28, 2, 12, 13, 41, 34], [48, 5, 33, 1, 47, 10, 12], [48, 37, 45, 4, 44, 12, 21], [48, 5, 37, 45, 9, 28, 44]]
Result size: 9
Time cost: 149551 ms
=====================================
Total time cost: 149562 ms
====================================



n = 19
====================================
Chosen samples: [2, 15, 5, 17, 19, 21, 32, 43, 30, 49, 14, 26, 1, 18, 46, 27, 47, 11, 37]
Time cost: 0 ms
Possible results size: 50388
Time cost: 3 ms
Cover list map size: 11628
Time cost: 9 ms
Result: [[2, 15, 5, 17, 19, 21, 32], [43, 30, 49, 14, 26, 1, 18], [2, 43, 46, 27, 47, 11, 37], [15, 5, 30, 49, 46, 27, 47], [17, 19, 21, 14, 26, 11, 37], [32, 1, 18, 46, 27, 11, 37], [2, 17, 19, 21, 1, 18, 47], [15, 5, 43, 14, 26, 1, 18], [2, 32, 43, 30, 49, 14, 26], [15, 5, 32, 30, 49, 11, 37], [2, 17, 19, 21, 32, 43, 47]]
Result size: 11
Time cost: 374173 ms
=====================================
Total time cost: 374185 ms
====================================



n = 20
====================================
Chosen samples: [38, 54, 6, 49, 8, 36, 35, 16, 5, 32, 41, 39, 18, 20, 15, 45, 13, 42, 40, 19]
Time cost: 0 ms
Possible results size: 77520
Time cost: 4 ms
Cover list map size: 15504
Time cost: 13 ms
Result: [[38, 54, 6, 49, 8, 36, 35], [16, 5, 32, 41, 39, 18, 20], [38, 15, 45, 13, 42, 40, 19], [54, 6, 49, 16, 5, 15, 45], [8, 36, 35, 32, 41, 13, 42], [54, 8, 39, 18, 20, 40, 19], [6, 49, 36, 32, 41, 40, 19], [36, 35, 39, 18, 20, 15, 45], [38, 35, 16, 5, 13, 42, 40], [6, 49, 39, 18, 20, 13, 42], [38, 54, 8, 32, 41, 15, 45], [38, 54, 36, 35, 16, 5, 19], [38, 8, 36, 16, 5, 13, 42]]
Result size: 13
Time cost: 891992 ms
=====================================
Total time cost: 892009 ms
====================================



